2023-12-28T00:51:55.108+02:00  INFO 9816 --- [main] com.example.demo.JWTGeneratorTest        : Starting JWTGeneratorTest using Java 17.0.2 with PID 9816 (started by Andrew in C:\Users\legen\Desktop\TestTask)
2023-12-28T00:51:55.151+02:00  INFO 9816 --- [main] com.example.demo.JWTGeneratorTest        : No active profile set, falling back to 1 default profile: "default"
2023-12-28T00:51:58.128+02:00  INFO 9816 --- [main] .s.d.r.c.RepositoryConfigurationDelegate : Bootstrapping Spring Data JPA repositories in DEFAULT mode.
2023-12-28T00:51:58.373+02:00  INFO 9816 --- [main] .s.d.r.c.RepositoryConfigurationDelegate : Finished Spring Data repository scanning in 204 ms. Found 2 JPA repository interfaces.
2023-12-28T00:52:00.704+02:00  INFO 9816 --- [main] o.hibernate.jpa.internal.util.LogHelper  : HHH000204: Processing PersistenceUnitInfo [name: default]
2023-12-28T00:52:00.970+02:00  INFO 9816 --- [main] org.hibernate.Version                    : HHH000412: Hibernate ORM core version 6.2.9.Final
2023-12-28T00:52:00.978+02:00  INFO 9816 --- [main] org.hibernate.cfg.Environment            : HHH000406: Using bytecode reflection optimizer
2023-12-28T00:52:01.783+02:00  INFO 9816 --- [main] o.h.b.i.BytecodeProviderInitiator        : HHH000021: Bytecode provider name : bytebuddy
2023-12-28T00:52:02.341+02:00  INFO 9816 --- [main] o.s.o.j.p.SpringPersistenceUnitInfo      : No LoadTimeWeaver setup: ignoring JPA class transformer
2023-12-28T00:52:02.404+02:00  INFO 9816 --- [main] com.zaxxer.hikari.HikariDataSource       : HikariPool-1 - Starting...
2023-12-28T00:52:03.454+02:00  INFO 9816 --- [main] com.zaxxer.hikari.pool.HikariPool        : HikariPool-1 - Added connection org.postgresql.jdbc.PgConnection@8077c97
2023-12-28T00:52:03.461+02:00  INFO 9816 --- [main] com.zaxxer.hikari.HikariDataSource       : HikariPool-1 - Start completed.
2023-12-28T00:52:04.909+02:00  INFO 9816 --- [main] o.h.b.i.BytecodeProviderInitiator        : HHH000021: Bytecode provider name : bytebuddy
2023-12-28T00:52:07.784+02:00  INFO 9816 --- [main] o.h.e.t.j.p.i.JtaPlatformInitiator       : HHH000490: Using JtaPlatform implementation: [org.hibernate.engine.transaction.jta.platform.internal.NoJtaPlatform]
2023-12-28T00:52:07.861+02:00  WARN 9816 --- [main] o.h.engine.jdbc.spi.SqlExceptionHelper   : SQL Warning Code: 0, SQLState: 00000
2023-12-28T00:52:07.864+02:00  WARN 9816 --- [main] o.h.engine.jdbc.spi.SqlExceptionHelper   : таблиця "products" не існує, пропускається
2023-12-28T00:52:07.867+02:00  WARN 9816 --- [main] o.h.engine.jdbc.spi.SqlExceptionHelper   : SQL Warning Code: 0, SQLState: 00000
2023-12-28T00:52:07.867+02:00  WARN 9816 --- [main] o.h.engine.jdbc.spi.SqlExceptionHelper   : таблиця "registration" не існує, пропускається
2023-12-28T00:52:07.961+02:00  INFO 9816 --- [main] j.LocalContainerEntityManagerFactoryBean : Initialized JPA EntityManagerFactory for persistence unit 'default'
2023-12-28T00:52:14.022+02:00  WARN 9816 --- [main] JpaBaseConfiguration$JpaWebConfiguration : spring.jpa.open-in-view is enabled by default. Therefore, database queries may be performed during view rendering. Explicitly configure spring.jpa.open-in-view to disable this warning
2023-12-28T00:52:14.864+02:00  INFO 9816 --- [main] o.s.s.web.DefaultSecurityFilterChain     : Will secure any request with [org.springframework.security.web.session.DisableEncodeUrlFilter@68a7f77a, org.springframework.security.web.context.request.async.WebAsyncManagerIntegrationFilter@4960b819, org.springframework.security.web.context.SecurityContextHolderFilter@55849272, org.springframework.security.web.header.HeaderWriterFilter@5318731f, org.springframework.security.web.authentication.logout.LogoutFilter@48dc9950, com.example.demo.security.JWTAuthenticationFilter@106ac5f4, org.springframework.security.web.authentication.UsernamePasswordAuthenticationFilter@43735ea0, org.springframework.security.web.savedrequest.RequestCacheAwareFilter@520eb9f8, org.springframework.security.web.servletapi.SecurityContextHolderAwareRequestFilter@e280006, org.springframework.security.web.authentication.AnonymousAuthenticationFilter@1e987f59, org.springframework.security.web.session.SessionManagementFilter@128d397c, org.springframework.security.web.access.ExceptionTranslationFilter@2df24f19, org.springframework.security.web.access.intercept.AuthorizationFilter@58ebfbcb]
2023-12-28T00:52:17.239+02:00  WARN 9816 --- [main] ion$DefaultTemplateResolverConfiguration : Cannot find template location: classpath:/templates/ (please add some templates, check your Thymeleaf configuration, or set spring.thymeleaf.check-template-location=false)
2023-12-28T00:52:17.550+02:00  INFO 9816 --- [main] com.example.demo.JWTGeneratorTest        : Started JWTGeneratorTest in 23.77 seconds (process running for 29.275)
2023-12-28T00:52:18.406+02:00 ERROR 9816 --- [main] com.example.demo.security.JWTGenerator   : JWT validation failed: JWT strings must contain exactly 2 period characters. Found: 0
2023-12-28T00:52:18.492+02:00  INFO 9816 --- [SpringApplicationShutdownHook] j.LocalContainerEntityManagerFactoryBean : Closing JPA EntityManagerFactory for persistence unit 'default'
2023-12-28T00:52:18.576+02:00  INFO 9816 --- [SpringApplicationShutdownHook] com.zaxxer.hikari.HikariDataSource       : HikariPool-1 - Shutdown initiated...
2023-12-28T00:52:19.610+02:00  INFO 9816 --- [SpringApplicationShutdownHook] com.zaxxer.hikari.HikariDataSource       : HikariPool-1 - Shutdown completed.
2023-12-28T01:06:33.352+02:00  INFO 20060 --- [main] com.example.demo.JWTGeneratorTest        : Starting JWTGeneratorTest using Java 17.0.2 with PID 20060 (started by Andrew in C:\Users\legen\Desktop\TestTask)
2023-12-28T01:06:33.361+02:00  INFO 20060 --- [main] com.example.demo.JWTGeneratorTest        : No active profile set, falling back to 1 default profile: "default"
2023-12-28T01:06:36.386+02:00  INFO 20060 --- [main] .s.d.r.c.RepositoryConfigurationDelegate : Bootstrapping Spring Data JPA repositories in DEFAULT mode.
2023-12-28T01:06:36.668+02:00  INFO 20060 --- [main] .s.d.r.c.RepositoryConfigurationDelegate : Finished Spring Data repository scanning in 252 ms. Found 2 JPA repository interfaces.
2023-12-28T01:06:38.861+02:00  INFO 20060 --- [main] o.hibernate.jpa.internal.util.LogHelper  : HHH000204: Processing PersistenceUnitInfo [name: default]
2023-12-28T01:06:39.167+02:00  INFO 20060 --- [main] org.hibernate.Version                    : HHH000412: Hibernate ORM core version 6.2.9.Final
2023-12-28T01:06:39.180+02:00  INFO 20060 --- [main] org.hibernate.cfg.Environment            : HHH000406: Using bytecode reflection optimizer
2023-12-28T01:06:40.013+02:00  INFO 20060 --- [main] o.h.b.i.BytecodeProviderInitiator        : HHH000021: Bytecode provider name : bytebuddy
2023-12-28T01:06:40.551+02:00  INFO 20060 --- [main] o.s.o.j.p.SpringPersistenceUnitInfo      : No LoadTimeWeaver setup: ignoring JPA class transformer
2023-12-28T01:06:40.611+02:00  INFO 20060 --- [main] com.zaxxer.hikari.HikariDataSource       : HikariPool-1 - Starting...
2023-12-28T01:06:41.564+02:00  INFO 20060 --- [main] com.zaxxer.hikari.pool.HikariPool        : HikariPool-1 - Added connection org.postgresql.jdbc.PgConnection@640c216b
2023-12-28T01:06:41.571+02:00  INFO 20060 --- [main] com.zaxxer.hikari.HikariDataSource       : HikariPool-1 - Start completed.
2023-12-28T01:06:43.042+02:00  INFO 20060 --- [main] o.h.b.i.BytecodeProviderInitiator        : HHH000021: Bytecode provider name : bytebuddy
2023-12-28T01:06:45.877+02:00  INFO 20060 --- [main] o.h.e.t.j.p.i.JtaPlatformInitiator       : HHH000490: Using JtaPlatform implementation: [org.hibernate.engine.transaction.jta.platform.internal.NoJtaPlatform]
2023-12-28T01:06:45.951+02:00  WARN 20060 --- [main] o.h.engine.jdbc.spi.SqlExceptionHelper   : SQL Warning Code: 0, SQLState: 00000
2023-12-28T01:06:45.953+02:00  WARN 20060 --- [main] o.h.engine.jdbc.spi.SqlExceptionHelper   : таблиця "products" не існує, пропускається
2023-12-28T01:06:45.958+02:00  WARN 20060 --- [main] o.h.engine.jdbc.spi.SqlExceptionHelper   : SQL Warning Code: 0, SQLState: 00000
2023-12-28T01:06:45.959+02:00  WARN 20060 --- [main] o.h.engine.jdbc.spi.SqlExceptionHelper   : таблиця "registration" не існує, пропускається
2023-12-28T01:06:46.037+02:00  INFO 20060 --- [main] j.LocalContainerEntityManagerFactoryBean : Initialized JPA EntityManagerFactory for persistence unit 'default'
2023-12-28T01:06:48.976+02:00  WARN 20060 --- [main] JpaBaseConfiguration$JpaWebConfiguration : spring.jpa.open-in-view is enabled by default. Therefore, database queries may be performed during view rendering. Explicitly configure spring.jpa.open-in-view to disable this warning
2023-12-28T01:06:49.447+02:00  INFO 20060 --- [main] o.s.s.web.DefaultSecurityFilterChain     : Will secure any request with [org.springframework.security.web.session.DisableEncodeUrlFilter@14580edc, org.springframework.security.web.context.request.async.WebAsyncManagerIntegrationFilter@3f2a7ca0, org.springframework.security.web.context.SecurityContextHolderFilter@3599b18, org.springframework.security.web.header.HeaderWriterFilter@317fa5dd, org.springframework.security.web.authentication.logout.LogoutFilter@1299c874, com.example.demo.security.JWTAuthenticationFilter@79f3f34c, org.springframework.security.web.authentication.UsernamePasswordAuthenticationFilter@2adce412, org.springframework.security.web.savedrequest.RequestCacheAwareFilter@712594f4, org.springframework.security.web.servletapi.SecurityContextHolderAwareRequestFilter@7ed5cc8c, org.springframework.security.web.authentication.AnonymousAuthenticationFilter@23e297d9, org.springframework.security.web.session.SessionManagementFilter@65234a9, org.springframework.security.web.access.ExceptionTranslationFilter@5a88849, org.springframework.security.web.access.intercept.AuthorizationFilter@109188b4]
2023-12-28T01:06:51.147+02:00  WARN 20060 --- [main] ion$DefaultTemplateResolverConfiguration : Cannot find template location: classpath:/templates/ (please add some templates, check your Thymeleaf configuration, or set spring.thymeleaf.check-template-location=false)
2023-12-28T01:06:51.446+02:00  INFO 20060 --- [main] com.example.demo.JWTGeneratorTest        : Started JWTGeneratorTest in 19.487 seconds (process running for 24.654)
2023-12-28T01:06:55.108+02:00  INFO 20060 --- [SpringApplicationShutdownHook] j.LocalContainerEntityManagerFactoryBean : Closing JPA EntityManagerFactory for persistence unit 'default'
2023-12-28T01:06:55.147+02:00  INFO 20060 --- [SpringApplicationShutdownHook] com.zaxxer.hikari.HikariDataSource       : HikariPool-1 - Shutdown initiated...
2023-12-28T01:06:55.870+02:00  INFO 20060 --- [SpringApplicationShutdownHook] com.zaxxer.hikari.HikariDataSource       : HikariPool-1 - Shutdown completed.
2023-12-28T01:11:05.065+02:00  INFO 19044 --- [main] com.example.demo.JWTGeneratorTest        : Starting JWTGeneratorTest using Java 17.0.2 with PID 19044 (started by Andrew in C:\Users\legen\Desktop\TestTask)
2023-12-28T01:11:05.070+02:00  INFO 19044 --- [main] com.example.demo.JWTGeneratorTest        : No active profile set, falling back to 1 default profile: "default"
2023-12-28T01:11:08.018+02:00  INFO 19044 --- [main] .s.d.r.c.RepositoryConfigurationDelegate : Bootstrapping Spring Data JPA repositories in DEFAULT mode.
2023-12-28T01:11:08.270+02:00  INFO 19044 --- [main] .s.d.r.c.RepositoryConfigurationDelegate : Finished Spring Data repository scanning in 221 ms. Found 2 JPA repository interfaces.
2023-12-28T01:11:10.584+02:00  INFO 19044 --- [main] o.hibernate.jpa.internal.util.LogHelper  : HHH000204: Processing PersistenceUnitInfo [name: default]
2023-12-28T01:11:10.830+02:00  INFO 19044 --- [main] org.hibernate.Version                    : HHH000412: Hibernate ORM core version 6.2.9.Final
2023-12-28T01:11:10.837+02:00  INFO 19044 --- [main] org.hibernate.cfg.Environment            : HHH000406: Using bytecode reflection optimizer
2023-12-28T01:11:11.694+02:00  INFO 19044 --- [main] o.h.b.i.BytecodeProviderInitiator        : HHH000021: Bytecode provider name : bytebuddy
2023-12-28T01:11:12.286+02:00  INFO 19044 --- [main] o.s.o.j.p.SpringPersistenceUnitInfo      : No LoadTimeWeaver setup: ignoring JPA class transformer
2023-12-28T01:11:12.349+02:00  INFO 19044 --- [main] com.zaxxer.hikari.HikariDataSource       : HikariPool-1 - Starting...
2023-12-28T01:11:13.333+02:00  INFO 19044 --- [main] com.zaxxer.hikari.pool.HikariPool        : HikariPool-1 - Added connection org.postgresql.jdbc.PgConnection@c0c8f96
2023-12-28T01:11:13.339+02:00  INFO 19044 --- [main] com.zaxxer.hikari.HikariDataSource       : HikariPool-1 - Start completed.
2023-12-28T01:11:14.872+02:00  INFO 19044 --- [main] o.h.b.i.BytecodeProviderInitiator        : HHH000021: Bytecode provider name : bytebuddy
2023-12-28T01:11:18.023+02:00  INFO 19044 --- [main] o.h.e.t.j.p.i.JtaPlatformInitiator       : HHH000490: Using JtaPlatform implementation: [org.hibernate.engine.transaction.jta.platform.internal.NoJtaPlatform]
2023-12-28T01:11:18.101+02:00  WARN 19044 --- [main] o.h.engine.jdbc.spi.SqlExceptionHelper   : SQL Warning Code: 0, SQLState: 00000
2023-12-28T01:11:18.101+02:00  WARN 19044 --- [main] o.h.engine.jdbc.spi.SqlExceptionHelper   : таблиця "products" не існує, пропускається
2023-12-28T01:11:18.103+02:00  WARN 19044 --- [main] o.h.engine.jdbc.spi.SqlExceptionHelper   : SQL Warning Code: 0, SQLState: 00000
2023-12-28T01:11:18.104+02:00  WARN 19044 --- [main] o.h.engine.jdbc.spi.SqlExceptionHelper   : таблиця "registration" не існує, пропускається
2023-12-28T01:11:18.178+02:00  INFO 19044 --- [main] j.LocalContainerEntityManagerFactoryBean : Initialized JPA EntityManagerFactory for persistence unit 'default'
2023-12-28T01:11:21.388+02:00  WARN 19044 --- [main] JpaBaseConfiguration$JpaWebConfiguration : spring.jpa.open-in-view is enabled by default. Therefore, database queries may be performed during view rendering. Explicitly configure spring.jpa.open-in-view to disable this warning
2023-12-28T01:11:21.848+02:00  INFO 19044 --- [main] o.s.s.web.DefaultSecurityFilterChain     : Will secure any request with [org.springframework.security.web.session.DisableEncodeUrlFilter@23e297d9, org.springframework.security.web.context.request.async.WebAsyncManagerIntegrationFilter@5e8e02a3, org.springframework.security.web.context.SecurityContextHolderFilter@712594f4, org.springframework.security.web.header.HeaderWriterFilter@65234a9, org.springframework.security.web.authentication.logout.LogoutFilter@629cf53c, com.example.demo.security.JWTAuthenticationFilter@68fa8ea5, org.springframework.security.web.authentication.UsernamePasswordAuthenticationFilter@6d84ab90, org.springframework.security.web.savedrequest.RequestCacheAwareFilter@7f6a6d46, org.springframework.security.web.servletapi.SecurityContextHolderAwareRequestFilter@47400608, org.springframework.security.web.authentication.AnonymousAuthenticationFilter@a74c940, org.springframework.security.web.session.SessionManagementFilter@c19bb2a, org.springframework.security.web.access.ExceptionTranslationFilter@317fa5dd, org.springframework.security.web.access.intercept.AuthorizationFilter@14580edc]
2023-12-28T01:11:23.755+02:00  WARN 19044 --- [main] ion$DefaultTemplateResolverConfiguration : Cannot find template location: classpath:/templates/ (please add some templates, check your Thymeleaf configuration, or set spring.thymeleaf.check-template-location=false)
2023-12-28T01:11:24.090+02:00  INFO 19044 --- [main] com.example.demo.JWTGeneratorTest        : Started JWTGeneratorTest in 20.177 seconds (process running for 25.497)
2023-12-28T01:11:27.914+02:00 ERROR 19044 --- [main] com.example.demo.security.JWTGenerator   : JWT validation failed: JWT strings must contain exactly 2 period characters. Found: 0
2023-12-28T01:11:28.102+02:00  INFO 19044 --- [SpringApplicationShutdownHook] j.LocalContainerEntityManagerFactoryBean : Closing JPA EntityManagerFactory for persistence unit 'default'
2023-12-28T01:11:28.141+02:00  INFO 19044 --- [SpringApplicationShutdownHook] com.zaxxer.hikari.HikariDataSource       : HikariPool-1 - Shutdown initiated...
2023-12-28T01:11:28.653+02:00  INFO 19044 --- [SpringApplicationShutdownHook] com.zaxxer.hikari.HikariDataSource       : HikariPool-1 - Shutdown completed.
2023-12-28T01:21:06.053+02:00  INFO 12008 --- [main] com.example.demo.JWTGeneratorTest        : Starting JWTGeneratorTest using Java 17.0.2 with PID 12008 (started by Andrew in C:\Users\legen\Desktop\TestTask)
2023-12-28T01:21:06.057+02:00  INFO 12008 --- [main] com.example.demo.JWTGeneratorTest        : No active profile set, falling back to 1 default profile: "default"
2023-12-28T01:21:09.062+02:00  INFO 12008 --- [main] .s.d.r.c.RepositoryConfigurationDelegate : Bootstrapping Spring Data JPA repositories in DEFAULT mode.
2023-12-28T01:21:09.340+02:00  INFO 12008 --- [main] .s.d.r.c.RepositoryConfigurationDelegate : Finished Spring Data repository scanning in 247 ms. Found 2 JPA repository interfaces.
2023-12-28T01:21:11.503+02:00  INFO 12008 --- [main] o.hibernate.jpa.internal.util.LogHelper  : HHH000204: Processing PersistenceUnitInfo [name: default]
2023-12-28T01:21:11.830+02:00  INFO 12008 --- [main] org.hibernate.Version                    : HHH000412: Hibernate ORM core version 6.2.9.Final
2023-12-28T01:21:11.842+02:00  INFO 12008 --- [main] org.hibernate.cfg.Environment            : HHH000406: Using bytecode reflection optimizer
2023-12-28T01:21:12.677+02:00  INFO 12008 --- [main] o.h.b.i.BytecodeProviderInitiator        : HHH000021: Bytecode provider name : bytebuddy
2023-12-28T01:21:13.242+02:00  INFO 12008 --- [main] o.s.o.j.p.SpringPersistenceUnitInfo      : No LoadTimeWeaver setup: ignoring JPA class transformer
2023-12-28T01:21:13.314+02:00  INFO 12008 --- [main] com.zaxxer.hikari.HikariDataSource       : HikariPool-1 - Starting...
2023-12-28T01:21:14.252+02:00  INFO 12008 --- [main] com.zaxxer.hikari.pool.HikariPool        : HikariPool-1 - Added connection org.postgresql.jdbc.PgConnection@32da97fd
2023-12-28T01:21:14.258+02:00  INFO 12008 --- [main] com.zaxxer.hikari.HikariDataSource       : HikariPool-1 - Start completed.
2023-12-28T01:21:15.486+02:00  INFO 12008 --- [main] o.h.b.i.BytecodeProviderInitiator        : HHH000021: Bytecode provider name : bytebuddy
2023-12-28T01:21:18.130+02:00  INFO 12008 --- [main] o.h.e.t.j.p.i.JtaPlatformInitiator       : HHH000490: Using JtaPlatform implementation: [org.hibernate.engine.transaction.jta.platform.internal.NoJtaPlatform]
2023-12-28T01:21:18.205+02:00  WARN 12008 --- [main] o.h.engine.jdbc.spi.SqlExceptionHelper   : SQL Warning Code: 0, SQLState: 00000
2023-12-28T01:21:18.206+02:00  WARN 12008 --- [main] o.h.engine.jdbc.spi.SqlExceptionHelper   : таблиця "products" не існує, пропускається
2023-12-28T01:21:18.208+02:00  WARN 12008 --- [main] o.h.engine.jdbc.spi.SqlExceptionHelper   : SQL Warning Code: 0, SQLState: 00000
2023-12-28T01:21:18.209+02:00  WARN 12008 --- [main] o.h.engine.jdbc.spi.SqlExceptionHelper   : таблиця "registration" не існує, пропускається
2023-12-28T01:21:18.279+02:00  INFO 12008 --- [main] j.LocalContainerEntityManagerFactoryBean : Initialized JPA EntityManagerFactory for persistence unit 'default'
2023-12-28T01:21:21.093+02:00  WARN 12008 --- [main] JpaBaseConfiguration$JpaWebConfiguration : spring.jpa.open-in-view is enabled by default. Therefore, database queries may be performed during view rendering. Explicitly configure spring.jpa.open-in-view to disable this warning
2023-12-28T01:21:21.564+02:00  INFO 12008 --- [main] o.s.s.web.DefaultSecurityFilterChain     : Will secure any request with [org.springframework.security.web.session.DisableEncodeUrlFilter@f391e52, org.springframework.security.web.context.request.async.WebAsyncManagerIntegrationFilter@5857d723, org.springframework.security.web.context.SecurityContextHolderFilter@7841c990, org.springframework.security.web.header.HeaderWriterFilter@30a6984c, org.springframework.security.web.authentication.logout.LogoutFilter@7ed5cc8c, com.example.demo.security.JWTAuthenticationFilter@530e08a7, org.springframework.security.web.authentication.UsernamePasswordAuthenticationFilter@6bec566e, org.springframework.security.web.savedrequest.RequestCacheAwareFilter@169d5567, org.springframework.security.web.servletapi.SecurityContextHolderAwareRequestFilter@27c827ec, org.springframework.security.web.authentication.AnonymousAuthenticationFilter@4b518645, org.springframework.security.web.session.SessionManagementFilter@47c422d3, org.springframework.security.web.access.ExceptionTranslationFilter@9a16af1, org.springframework.security.web.access.intercept.AuthorizationFilter@71ac5723]
2023-12-28T01:21:23.296+02:00  WARN 12008 --- [main] ion$DefaultTemplateResolverConfiguration : Cannot find template location: classpath:/templates/ (please add some templates, check your Thymeleaf configuration, or set spring.thymeleaf.check-template-location=false)
2023-12-28T01:21:23.595+02:00  INFO 12008 --- [main] com.example.demo.JWTGeneratorTest        : Started JWTGeneratorTest in 18.833 seconds (process running for 24.611)
2023-12-28T01:21:27.338+02:00 ERROR 12008 --- [main] com.example.demo.security.JWTGenerator   : JWT validation failed: JWT strings must contain exactly 2 period characters. Found: 0
2023-12-28T01:21:27.558+02:00  INFO 12008 --- [SpringApplicationShutdownHook] j.LocalContainerEntityManagerFactoryBean : Closing JPA EntityManagerFactory for persistence unit 'default'
2023-12-28T01:21:27.607+02:00  INFO 12008 --- [SpringApplicationShutdownHook] com.zaxxer.hikari.HikariDataSource       : HikariPool-1 - Shutdown initiated...
2023-12-28T01:21:28.112+02:00  INFO 12008 --- [SpringApplicationShutdownHook] com.zaxxer.hikari.HikariDataSource       : HikariPool-1 - Shutdown completed.
2023-12-28T02:51:08.524+02:00  INFO 1460 --- [main] com.example.demo.JWTGeneratorTest        : Starting JWTGeneratorTest using Java 17.0.2 with PID 1460 (started by Andrew in C:\Users\legen\Desktop\TestTask)
2023-12-28T02:51:08.529+02:00  INFO 1460 --- [main] com.example.demo.JWTGeneratorTest        : No active profile set, falling back to 1 default profile: "default"
2023-12-28T02:51:10.993+02:00  INFO 1460 --- [main] .s.d.r.c.RepositoryConfigurationDelegate : Bootstrapping Spring Data JPA repositories in DEFAULT mode.
2023-12-28T02:51:11.252+02:00  INFO 1460 --- [main] .s.d.r.c.RepositoryConfigurationDelegate : Finished Spring Data repository scanning in 230 ms. Found 2 JPA repository interfaces.
2023-12-28T02:51:13.149+02:00  INFO 1460 --- [main] o.hibernate.jpa.internal.util.LogHelper  : HHH000204: Processing PersistenceUnitInfo [name: default]
2023-12-28T02:51:13.373+02:00  INFO 1460 --- [main] org.hibernate.Version                    : HHH000412: Hibernate ORM core version 6.2.9.Final
2023-12-28T02:51:13.389+02:00  INFO 1460 --- [main] org.hibernate.cfg.Environment            : HHH000406: Using bytecode reflection optimizer
2023-12-28T02:51:14.286+02:00  INFO 1460 --- [main] o.h.b.i.BytecodeProviderInitiator        : HHH000021: Bytecode provider name : bytebuddy
2023-12-28T02:51:14.792+02:00  INFO 1460 --- [main] o.s.o.j.p.SpringPersistenceUnitInfo      : No LoadTimeWeaver setup: ignoring JPA class transformer
2023-12-28T02:51:14.847+02:00  INFO 1460 --- [main] com.zaxxer.hikari.HikariDataSource       : HikariPool-1 - Starting...
2023-12-28T02:51:15.747+02:00  INFO 1460 --- [main] com.zaxxer.hikari.pool.HikariPool        : HikariPool-1 - Added connection org.postgresql.jdbc.PgConnection@474e34e4
2023-12-28T02:51:15.753+02:00  INFO 1460 --- [main] com.zaxxer.hikari.HikariDataSource       : HikariPool-1 - Start completed.
2023-12-28T02:51:16.788+02:00  INFO 1460 --- [main] o.h.b.i.BytecodeProviderInitiator        : HHH000021: Bytecode provider name : bytebuddy
2023-12-28T02:51:19.562+02:00  INFO 1460 --- [main] o.h.e.t.j.p.i.JtaPlatformInitiator       : HHH000490: Using JtaPlatform implementation: [org.hibernate.engine.transaction.jta.platform.internal.NoJtaPlatform]
2023-12-28T02:51:19.640+02:00  WARN 1460 --- [main] o.h.engine.jdbc.spi.SqlExceptionHelper   : SQL Warning Code: 0, SQLState: 00000
2023-12-28T02:51:19.641+02:00  WARN 1460 --- [main] o.h.engine.jdbc.spi.SqlExceptionHelper   : таблиця "products" не існує, пропускається
2023-12-28T02:51:19.643+02:00  WARN 1460 --- [main] o.h.engine.jdbc.spi.SqlExceptionHelper   : SQL Warning Code: 0, SQLState: 00000
2023-12-28T02:51:19.644+02:00  WARN 1460 --- [main] o.h.engine.jdbc.spi.SqlExceptionHelper   : таблиця "registration" не існує, пропускається
2023-12-28T02:51:19.720+02:00  INFO 1460 --- [main] j.LocalContainerEntityManagerFactoryBean : Initialized JPA EntityManagerFactory for persistence unit 'default'
2023-12-28T02:51:22.217+02:00  WARN 1460 --- [main] JpaBaseConfiguration$JpaWebConfiguration : spring.jpa.open-in-view is enabled by default. Therefore, database queries may be performed during view rendering. Explicitly configure spring.jpa.open-in-view to disable this warning
2023-12-28T02:51:22.587+02:00  INFO 1460 --- [main] o.s.s.web.DefaultSecurityFilterChain     : Will secure any request with [org.springframework.security.web.session.DisableEncodeUrlFilter@1c09bb7a, org.springframework.security.web.context.request.async.WebAsyncManagerIntegrationFilter@15a6a91f, org.springframework.security.web.context.SecurityContextHolderFilter@33622388, org.springframework.security.web.header.HeaderWriterFilter@9a74a93, org.springframework.security.web.authentication.logout.LogoutFilter@6e069ca9, com.example.demo.security.JWTAuthenticationFilter@1dc2c13c, org.springframework.security.web.authentication.UsernamePasswordAuthenticationFilter@45e9db77, org.springframework.security.web.savedrequest.RequestCacheAwareFilter@6e664075, org.springframework.security.web.servletapi.SecurityContextHolderAwareRequestFilter@51d9479c, org.springframework.security.web.authentication.AnonymousAuthenticationFilter@493250cf, org.springframework.security.web.session.SessionManagementFilter@426bf2f2, org.springframework.security.web.access.ExceptionTranslationFilter@1bfb60b7, org.springframework.security.web.access.intercept.AuthorizationFilter@48928b57]
2023-12-28T02:51:24.406+02:00  WARN 1460 --- [main] ion$DefaultTemplateResolverConfiguration : Cannot find template location: classpath:/templates/ (please add some templates, check your Thymeleaf configuration, or set spring.thymeleaf.check-template-location=false)
2023-12-28T02:51:24.692+02:00  INFO 1460 --- [main] com.example.demo.JWTGeneratorTest        : Started JWTGeneratorTest in 17.223 seconds (process running for 22.297)
2023-12-28T02:51:27.921+02:00 ERROR 1460 --- [main] com.example.demo.security.JWTGenerator   : JWT validation failed: JWT strings must contain exactly 2 period characters. Found: 0
2023-12-28T02:51:28.056+02:00  INFO 1460 --- [SpringApplicationShutdownHook] j.LocalContainerEntityManagerFactoryBean : Closing JPA EntityManagerFactory for persistence unit 'default'
2023-12-28T02:51:28.102+02:00  INFO 1460 --- [SpringApplicationShutdownHook] com.zaxxer.hikari.HikariDataSource       : HikariPool-1 - Shutdown initiated...
2023-12-28T02:51:28.589+02:00  INFO 1460 --- [SpringApplicationShutdownHook] com.zaxxer.hikari.HikariDataSource       : HikariPool-1 - Shutdown completed.
2023-12-28T03:05:27.458+02:00  INFO 19328 --- [main] com.example.demo.JWTGeneratorTest        : Starting JWTGeneratorTest using Java 17.0.2 with PID 19328 (started by Andrew in C:\Users\legen\Desktop\TestTask)
2023-12-28T03:05:27.468+02:00  INFO 19328 --- [main] com.example.demo.JWTGeneratorTest        : No active profile set, falling back to 1 default profile: "default"
2023-12-28T03:05:30.296+02:00  INFO 19328 --- [main] .s.d.r.c.RepositoryConfigurationDelegate : Bootstrapping Spring Data JPA repositories in DEFAULT mode.
2023-12-28T03:05:30.598+02:00  INFO 19328 --- [main] .s.d.r.c.RepositoryConfigurationDelegate : Finished Spring Data repository scanning in 262 ms. Found 2 JPA repository interfaces.
2023-12-28T03:05:33.082+02:00  INFO 19328 --- [main] o.hibernate.jpa.internal.util.LogHelper  : HHH000204: Processing PersistenceUnitInfo [name: default]
2023-12-28T03:05:33.407+02:00  INFO 19328 --- [main] org.hibernate.Version                    : HHH000412: Hibernate ORM core version 6.2.9.Final
2023-12-28T03:05:33.422+02:00  INFO 19328 --- [main] org.hibernate.cfg.Environment            : HHH000406: Using bytecode reflection optimizer
2023-12-28T03:05:34.472+02:00  INFO 19328 --- [main] o.h.b.i.BytecodeProviderInitiator        : HHH000021: Bytecode provider name : bytebuddy
2023-12-28T03:05:35.115+02:00  INFO 19328 --- [main] o.s.o.j.p.SpringPersistenceUnitInfo      : No LoadTimeWeaver setup: ignoring JPA class transformer
2023-12-28T03:05:35.200+02:00  INFO 19328 --- [main] com.zaxxer.hikari.HikariDataSource       : HikariPool-1 - Starting...
2023-12-28T03:05:36.211+02:00  INFO 19328 --- [main] com.zaxxer.hikari.pool.HikariPool        : HikariPool-1 - Added connection org.postgresql.jdbc.PgConnection@2eebce87
2023-12-28T03:05:36.218+02:00  INFO 19328 --- [main] com.zaxxer.hikari.HikariDataSource       : HikariPool-1 - Start completed.
2023-12-28T03:05:37.338+02:00  INFO 19328 --- [main] o.h.b.i.BytecodeProviderInitiator        : HHH000021: Bytecode provider name : bytebuddy
2023-12-28T03:05:40.345+02:00  INFO 19328 --- [main] o.h.e.t.j.p.i.JtaPlatformInitiator       : HHH000490: Using JtaPlatform implementation: [org.hibernate.engine.transaction.jta.platform.internal.NoJtaPlatform]
2023-12-28T03:05:40.433+02:00  WARN 19328 --- [main] o.h.engine.jdbc.spi.SqlExceptionHelper   : SQL Warning Code: 0, SQLState: 00000
2023-12-28T03:05:40.434+02:00  WARN 19328 --- [main] o.h.engine.jdbc.spi.SqlExceptionHelper   : таблиця "products" не існує, пропускається
2023-12-28T03:05:40.436+02:00  WARN 19328 --- [main] o.h.engine.jdbc.spi.SqlExceptionHelper   : SQL Warning Code: 0, SQLState: 00000
2023-12-28T03:05:40.438+02:00  WARN 19328 --- [main] o.h.engine.jdbc.spi.SqlExceptionHelper   : таблиця "registration" не існує, пропускається
2023-12-28T03:05:40.513+02:00  INFO 19328 --- [main] j.LocalContainerEntityManagerFactoryBean : Initialized JPA EntityManagerFactory for persistence unit 'default'
2023-12-28T03:05:43.850+02:00  WARN 19328 --- [main] JpaBaseConfiguration$JpaWebConfiguration : spring.jpa.open-in-view is enabled by default. Therefore, database queries may be performed during view rendering. Explicitly configure spring.jpa.open-in-view to disable this warning
2023-12-28T03:05:44.320+02:00  INFO 19328 --- [main] o.s.s.web.DefaultSecurityFilterChain     : Will secure any request with [org.springframework.security.web.session.DisableEncodeUrlFilter@6eae3730, org.springframework.security.web.context.request.async.WebAsyncManagerIntegrationFilter@42095996, org.springframework.security.web.context.SecurityContextHolderFilter@752180c4, org.springframework.security.web.header.HeaderWriterFilter@6e664075, org.springframework.security.web.authentication.logout.LogoutFilter@68dc2f53, com.example.demo.security.JWTAuthenticationFilter@e76134d, org.springframework.security.web.authentication.UsernamePasswordAuthenticationFilter@48928b57, org.springframework.security.web.savedrequest.RequestCacheAwareFilter@1802f60c, org.springframework.security.web.servletapi.SecurityContextHolderAwareRequestFilter@45482f82, org.springframework.security.web.authentication.AnonymousAuthenticationFilter@3b3a3a92, org.springframework.security.web.session.SessionManagementFilter@3e0b1f03, org.springframework.security.web.access.ExceptionTranslationFilter@33622388, org.springframework.security.web.access.intercept.AuthorizationFilter@55c581e4]
2023-12-28T03:05:46.199+02:00  WARN 19328 --- [main] ion$DefaultTemplateResolverConfiguration : Cannot find template location: classpath:/templates/ (please add some templates, check your Thymeleaf configuration, or set spring.thymeleaf.check-template-location=false)
2023-12-28T03:05:46.539+02:00  INFO 19328 --- [main] com.example.demo.JWTGeneratorTest        : Started JWTGeneratorTest in 20.361 seconds (process running for 28.114)
2023-12-28T03:05:50.567+02:00  INFO 19328 --- [SpringApplicationShutdownHook] j.LocalContainerEntityManagerFactoryBean : Closing JPA EntityManagerFactory for persistence unit 'default'
2023-12-28T03:05:50.616+02:00  INFO 19328 --- [SpringApplicationShutdownHook] com.zaxxer.hikari.HikariDataSource       : HikariPool-1 - Shutdown initiated...
2023-12-28T03:05:51.362+02:00  INFO 19328 --- [SpringApplicationShutdownHook] com.zaxxer.hikari.HikariDataSource       : HikariPool-1 - Shutdown completed.
2023-12-28T03:10:15.455+02:00  INFO 21852 --- [main] com.example.demo.Demo2Application        : Starting Demo2Application using Java 17.0.2 with PID 21852 (C:\Users\legen\Desktop\TestTask\target\classes started by Andrew in C:\Users\legen\Desktop\TestTask)
2023-12-28T03:10:15.460+02:00  INFO 21852 --- [main] com.example.demo.Demo2Application        : No active profile set, falling back to 1 default profile: "default"
2023-12-28T03:10:17.526+02:00  INFO 21852 --- [main] .s.d.r.c.RepositoryConfigurationDelegate : Bootstrapping Spring Data JPA repositories in DEFAULT mode.
2023-12-28T03:10:17.720+02:00  INFO 21852 --- [main] .s.d.r.c.RepositoryConfigurationDelegate : Finished Spring Data repository scanning in 171 ms. Found 2 JPA repository interfaces.
2023-12-28T03:10:19.318+02:00  INFO 21852 --- [main] o.s.b.w.embedded.tomcat.TomcatWebServer  : Tomcat initialized with port(s): 8080 (http)
2023-12-28T03:10:19.338+02:00  INFO 21852 --- [main] o.apache.catalina.core.StandardService   : Starting service [Tomcat]
2023-12-28T03:10:19.339+02:00  INFO 21852 --- [main] o.apache.catalina.core.StandardEngine    : Starting Servlet engine: [Apache Tomcat/10.1.13]
2023-12-28T03:10:19.701+02:00  INFO 21852 --- [main] o.a.c.c.C.[Tomcat].[localhost].[/]       : Initializing Spring embedded WebApplicationContext
2023-12-28T03:10:19.702+02:00  INFO 21852 --- [main] w.s.c.ServletWebServerApplicationContext : Root WebApplicationContext: initialization completed in 4002 ms
2023-12-28T03:10:20.036+02:00  INFO 21852 --- [main] o.hibernate.jpa.internal.util.LogHelper  : HHH000204: Processing PersistenceUnitInfo [name: default]
2023-12-28T03:10:20.178+02:00  INFO 21852 --- [main] org.hibernate.Version                    : HHH000412: Hibernate ORM core version 6.2.9.Final
2023-12-28T03:10:20.190+02:00  INFO 21852 --- [main] org.hibernate.cfg.Environment            : HHH000406: Using bytecode reflection optimizer
2023-12-28T03:10:20.588+02:00  INFO 21852 --- [main] o.h.b.i.BytecodeProviderInitiator        : HHH000021: Bytecode provider name : bytebuddy
2023-12-28T03:10:21.042+02:00  INFO 21852 --- [main] o.s.o.j.p.SpringPersistenceUnitInfo      : No LoadTimeWeaver setup: ignoring JPA class transformer
2023-12-28T03:10:21.102+02:00  INFO 21852 --- [main] com.zaxxer.hikari.HikariDataSource       : HikariPool-1 - Starting...
2023-12-28T03:10:21.780+02:00  INFO 21852 --- [main] com.zaxxer.hikari.pool.HikariPool        : HikariPool-1 - Added connection org.postgresql.jdbc.PgConnection@4607d78b
2023-12-28T03:10:21.787+02:00  INFO 21852 --- [main] com.zaxxer.hikari.HikariDataSource       : HikariPool-1 - Start completed.
2023-12-28T03:10:22.456+02:00  INFO 21852 --- [main] o.h.b.i.BytecodeProviderInitiator        : HHH000021: Bytecode provider name : bytebuddy
2023-12-28T03:10:24.234+02:00  INFO 21852 --- [main] o.h.e.t.j.p.i.JtaPlatformInitiator       : HHH000490: Using JtaPlatform implementation: [org.hibernate.engine.transaction.jta.platform.internal.NoJtaPlatform]
2023-12-28T03:10:24.316+02:00  WARN 21852 --- [main] o.h.engine.jdbc.spi.SqlExceptionHelper   : SQL Warning Code: 0, SQLState: 00000
2023-12-28T03:10:24.316+02:00  WARN 21852 --- [main] o.h.engine.jdbc.spi.SqlExceptionHelper   : таблиця "products" не існує, пропускається
2023-12-28T03:10:24.318+02:00  WARN 21852 --- [main] o.h.engine.jdbc.spi.SqlExceptionHelper   : SQL Warning Code: 0, SQLState: 00000
2023-12-28T03:10:24.319+02:00  WARN 21852 --- [main] o.h.engine.jdbc.spi.SqlExceptionHelper   : таблиця "registration" не існує, пропускається
2023-12-28T03:10:24.390+02:00  INFO 21852 --- [main] j.LocalContainerEntityManagerFactoryBean : Initialized JPA EntityManagerFactory for persistence unit 'default'
2023-12-28T03:10:26.894+02:00  WARN 21852 --- [main] JpaBaseConfiguration$JpaWebConfiguration : spring.jpa.open-in-view is enabled by default. Therefore, database queries may be performed during view rendering. Explicitly configure spring.jpa.open-in-view to disable this warning
2023-12-28T03:10:27.610+02:00  INFO 21852 --- [main] o.s.s.web.DefaultSecurityFilterChain     : Will secure any request with [org.springframework.security.web.session.DisableEncodeUrlFilter@31ab75a5, org.springframework.security.web.context.request.async.WebAsyncManagerIntegrationFilter@17541204, org.springframework.security.web.context.SecurityContextHolderFilter@1fb00a6d, org.springframework.security.web.header.HeaderWriterFilter@4d7f9b33, org.springframework.security.web.authentication.logout.LogoutFilter@102f3f05, com.example.demo.security.JWTAuthenticationFilter@1002b06d, org.springframework.security.web.authentication.UsernamePasswordAuthenticationFilter@16e84d93, org.springframework.security.web.savedrequest.RequestCacheAwareFilter@25f73119, org.springframework.security.web.servletapi.SecurityContextHolderAwareRequestFilter@205b73d8, org.springframework.security.web.authentication.AnonymousAuthenticationFilter@2dec57c5, org.springframework.security.web.session.SessionManagementFilter@608c7b5b, org.springframework.security.web.access.ExceptionTranslationFilter@694f0655, org.springframework.security.web.access.intercept.AuthorizationFilter@572db5ee]
2023-12-28T03:10:27.925+02:00  WARN 21852 --- [main] ion$DefaultTemplateResolverConfiguration : Cannot find template location: classpath:/templates/ (please add some templates, check your Thymeleaf configuration, or set spring.thymeleaf.check-template-location=false)
2023-12-28T03:10:28.215+02:00  INFO 21852 --- [main] o.s.b.w.embedded.tomcat.TomcatWebServer  : Tomcat started on port(s): 8080 (http) with context path ''
2023-12-28T03:10:28.241+02:00  INFO 21852 --- [main] com.example.demo.Demo2Application        : Started Demo2Application in 14.83 seconds (process running for 17.489)
2023-12-28T03:11:22.266+02:00  INFO 21852 --- [http-nio-8080-exec-1] o.a.c.c.C.[Tomcat].[localhost].[/]       : Initializing Spring DispatcherServlet 'dispatcherServlet'
2023-12-28T03:11:22.267+02:00  INFO 21852 --- [http-nio-8080-exec-1] o.s.web.servlet.DispatcherServlet        : Initializing Servlet 'dispatcherServlet'
2023-12-28T03:11:22.270+02:00  INFO 21852 --- [http-nio-8080-exec-1] o.s.web.servlet.DispatcherServlet        : Completed initialization in 3 ms
2023-12-28T03:11:22.592+02:00  INFO 21852 --- [http-nio-8080-exec-1] c.e.demo.controllers.LogInController     : Received authentication request for user: john
2023-12-28T03:11:23.191+02:00  INFO 21852 --- [http-nio-8080-exec-1] d.s.AuthenticationProviderImplementation : Authentication successful for user: john
2023-12-28T03:11:23.338+02:00  INFO 21852 --- [http-nio-8080-exec-1] c.e.demo.controllers.LogInController     : Generated token for user: john
2023-12-28T03:11:42.401+02:00  INFO 21852 --- [http-nio-8080-exec-3] c.e.d.security.JWTAuthenticationFilter   : Authentication successful for user: john
2023-12-28T03:11:42.441+02:00  INFO 21852 --- [http-nio-8080-exec-3] c.e.demo.controllers.ProductController   : Entering addProducts method
2023-12-28T03:11:42.473+02:00  INFO 21852 --- [http-nio-8080-exec-3] c.e.demo.controllers.ProductController   : Records saved successfully
2023-12-28T03:11:42.484+02:00  INFO 21852 --- [http-nio-8080-exec-3] c.e.demo.controllers.ProductController   : Exiting addProducts method
2023-12-28T03:12:00.407+02:00  INFO 21852 --- [http-nio-8080-exec-4] c.e.d.security.JWTAuthenticationFilter   : Authentication successful for user: john
2023-12-28T03:12:00.412+02:00  INFO 21852 --- [http-nio-8080-exec-4] c.e.demo.controllers.ProductController   : Entering getAllProducts method
2023-12-28T03:12:00.435+02:00  INFO 21852 --- [http-nio-8080-exec-4] c.e.demo.controllers.ProductController   : Retrieved all products
2023-12-28T03:12:00.435+02:00  INFO 21852 --- [http-nio-8080-exec-4] c.e.demo.controllers.ProductController   : Exiting getAllProducts method
2023-12-28T03:14:11.168+02:00  INFO 19652 --- [main] com.example.demo.Demo2ApplicationTests   : Starting Demo2ApplicationTests using Java 17.0.2 with PID 19652 (started by Andrew in C:\Users\legen\Desktop\TestTask)
2023-12-28T03:14:11.175+02:00  INFO 19652 --- [main] com.example.demo.Demo2ApplicationTests   : No active profile set, falling back to 1 default profile: "default"
2023-12-28T03:14:14.113+02:00  INFO 19652 --- [main] .s.d.r.c.RepositoryConfigurationDelegate : Bootstrapping Spring Data JPA repositories in DEFAULT mode.
2023-12-28T03:14:14.351+02:00  INFO 19652 --- [main] .s.d.r.c.RepositoryConfigurationDelegate : Finished Spring Data repository scanning in 210 ms. Found 2 JPA repository interfaces.
2023-12-28T03:14:16.414+02:00  INFO 19652 --- [main] o.hibernate.jpa.internal.util.LogHelper  : HHH000204: Processing PersistenceUnitInfo [name: default]
2023-12-28T03:14:16.640+02:00  INFO 19652 --- [main] org.hibernate.Version                    : HHH000412: Hibernate ORM core version 6.2.9.Final
2023-12-28T03:14:16.649+02:00  INFO 19652 --- [main] org.hibernate.cfg.Environment            : HHH000406: Using bytecode reflection optimizer
2023-12-28T03:14:17.368+02:00  INFO 19652 --- [main] o.h.b.i.BytecodeProviderInitiator        : HHH000021: Bytecode provider name : bytebuddy
2023-12-28T03:14:17.866+02:00  INFO 19652 --- [main] o.s.o.j.p.SpringPersistenceUnitInfo      : No LoadTimeWeaver setup: ignoring JPA class transformer
2023-12-28T03:14:17.923+02:00  INFO 19652 --- [main] com.zaxxer.hikari.HikariDataSource       : HikariPool-1 - Starting...
2023-12-28T03:14:18.744+02:00  INFO 19652 --- [main] com.zaxxer.hikari.pool.HikariPool        : HikariPool-1 - Added connection org.postgresql.jdbc.PgConnection@23e2c1ca
2023-12-28T03:14:18.750+02:00  INFO 19652 --- [main] com.zaxxer.hikari.HikariDataSource       : HikariPool-1 - Start completed.
2023-12-28T03:14:19.719+02:00  INFO 19652 --- [main] o.h.b.i.BytecodeProviderInitiator        : HHH000021: Bytecode provider name : bytebuddy
2023-12-28T03:14:22.138+02:00  INFO 19652 --- [main] o.h.e.t.j.p.i.JtaPlatformInitiator       : HHH000490: Using JtaPlatform implementation: [org.hibernate.engine.transaction.jta.platform.internal.NoJtaPlatform]
2023-12-28T03:14:22.289+02:00  INFO 19652 --- [main] j.LocalContainerEntityManagerFactoryBean : Initialized JPA EntityManagerFactory for persistence unit 'default'
2023-12-28T03:14:24.833+02:00  WARN 19652 --- [main] JpaBaseConfiguration$JpaWebConfiguration : spring.jpa.open-in-view is enabled by default. Therefore, database queries may be performed during view rendering. Explicitly configure spring.jpa.open-in-view to disable this warning
2023-12-28T03:14:25.194+02:00  INFO 19652 --- [main] o.s.s.web.DefaultSecurityFilterChain     : Will secure any request with [org.springframework.security.web.session.DisableEncodeUrlFilter@6778636f, org.springframework.security.web.context.request.async.WebAsyncManagerIntegrationFilter@2dbf8cfc, org.springframework.security.web.context.SecurityContextHolderFilter@7bbe852a, org.springframework.security.web.header.HeaderWriterFilter@37a14aa1, org.springframework.security.web.authentication.logout.LogoutFilter@2eafb4e7, com.example.demo.security.JWTAuthenticationFilter@45f6181a, org.springframework.security.web.authentication.UsernamePasswordAuthenticationFilter@32050628, org.springframework.security.web.savedrequest.RequestCacheAwareFilter@2adce412, org.springframework.security.web.servletapi.SecurityContextHolderAwareRequestFilter@7cb38a6a, org.springframework.security.web.authentication.AnonymousAuthenticationFilter@26c1244c, org.springframework.security.web.session.SessionManagementFilter@106f2425, org.springframework.security.web.access.ExceptionTranslationFilter@84e43fb, org.springframework.security.web.access.intercept.AuthorizationFilter@127320df]
2023-12-28T03:14:26.550+02:00  WARN 19652 --- [main] ion$DefaultTemplateResolverConfiguration : Cannot find template location: classpath:/templates/ (please add some templates, check your Thymeleaf configuration, or set spring.thymeleaf.check-template-location=false)
2023-12-28T03:14:26.761+02:00  INFO 19652 --- [main] com.example.demo.Demo2ApplicationTests   : Started Demo2ApplicationTests in 17.398 seconds (process running for 23.266)
2023-12-28T03:14:28.649+02:00  INFO 19652 --- [SpringApplicationShutdownHook] j.LocalContainerEntityManagerFactoryBean : Closing JPA EntityManagerFactory for persistence unit 'default'
2023-12-28T03:14:28.697+02:00  INFO 19652 --- [SpringApplicationShutdownHook] com.zaxxer.hikari.HikariDataSource       : HikariPool-1 - Shutdown initiated...
2023-12-28T03:14:29.056+02:00  INFO 19652 --- [SpringApplicationShutdownHook] com.zaxxer.hikari.HikariDataSource       : HikariPool-1 - Shutdown completed.
2023-12-28T03:19:18.291+02:00  INFO 21852 --- [SpringApplicationShutdownHook] j.LocalContainerEntityManagerFactoryBean : Closing JPA EntityManagerFactory for persistence unit 'default'
2023-12-28T03:19:18.296+02:00  WARN 21852 --- [SpringApplicationShutdownHook] o.h.engine.jdbc.spi.SqlExceptionHelper   : SQL Warning Code: 0, SQLState: 00000
2023-12-28T03:19:18.297+02:00  WARN 21852 --- [SpringApplicationShutdownHook] o.h.engine.jdbc.spi.SqlExceptionHelper   : таблиця "products" не існує, пропускається
2023-12-28T03:19:18.298+02:00  WARN 21852 --- [SpringApplicationShutdownHook] o.h.engine.jdbc.spi.SqlExceptionHelper   : SQL Warning Code: 0, SQLState: 00000
2023-12-28T03:19:18.299+02:00  WARN 21852 --- [SpringApplicationShutdownHook] o.h.engine.jdbc.spi.SqlExceptionHelper   : таблиця "registration" не існує, пропускається
2023-12-28T03:19:18.303+02:00  INFO 21852 --- [SpringApplicationShutdownHook] com.zaxxer.hikari.HikariDataSource       : HikariPool-1 - Shutdown initiated...
2023-12-28T03:19:18.628+02:00  INFO 21852 --- [SpringApplicationShutdownHook] com.zaxxer.hikari.HikariDataSource       : HikariPool-1 - Shutdown completed.
